1702513501.748213 client started (10968): version 3.3a, socket /tmp/tmux-1000/default, protocol 8
1702513501.748304 on Linux 6.1.0-13-amd64 #1 SMP PREEMPT_DYNAMIC Debian 6.1.55-1 (2023-09-29)
1702513501.748321 using libevent 2.1.12-stable (poll); ncurses 6.3
1702513501.748395 flags are 0x10010000
1702513501.748409 socket is /tmp/tmux-1000/default
1702513501.748445 trying connect
1702513501.748691 add peer 0x56130be4c7e0: 6 ((nil))
1702513501.749737 sending message 100 to peer 0x56130be4c7e0 (4 bytes)
1702513501.749774 sending message 111 to peer 0x56130be4c7e0 (8 bytes)
1702513501.749789 sending message 101 to peer 0x56130be4c7e0 (14 bytes)
1702513501.749802 sending message 109 to peer 0x56130be4c7e0 (4 bytes)
1702513501.749816 sending message 102 to peer 0x56130be4c7e0 (11 bytes)
1702513501.749830 sending message 108 to peer 0x56130be4c7e0 (28 bytes)
1702513501.749843 sending message 112 to peer 0x56130be4c7e0 (70 bytes)
1702513501.749857 sending message 112 to peer 0x56130be4c7e0 (5 bytes)
1702513501.749873 sending message 112 to peer 0x56130be4c7e0 (5 bytes)
1702513501.749898 sending message 112 to peer 0x56130be4c7e0 (6 bytes)
1702513501.749925 sending message 112 to peer 0x56130be4c7e0 (6 bytes)
1702513501.749952 sending message 112 to peer 0x56130be4c7e0 (11 bytes)
1702513501.749979 sending message 112 to peer 0x56130be4c7e0 (10 bytes)
1702513501.750005 sending message 112 to peer 0x56130be4c7e0 (13 bytes)
1702513501.750020 sending message 112 to peer 0x56130be4c7e0 (13 bytes)
1702513501.750034 sending message 112 to peer 0x56130be4c7e0 (18 bytes)
1702513501.750047 sending message 112 to peer 0x56130be4c7e0 (11 bytes)
1702513501.750060 sending message 112 to peer 0x56130be4c7e0 (10 bytes)
1702513501.750073 sending message 112 to peer 0x56130be4c7e0 (15 bytes)
1702513501.750085 sending message 112 to peer 0x56130be4c7e0 (21 bytes)
1702513501.750098 sending message 112 to peer 0x56130be4c7e0 (13 bytes)
1702513501.750116 sending message 112 to peer 0x56130be4c7e0 (7 bytes)
1702513501.750130 sending message 112 to peer 0x56130be4c7e0 (13 bytes)
1702513501.750142 sending message 112 to peer 0x56130be4c7e0 (7 bytes)
1702513501.750155 sending message 112 to peer 0x56130be4c7e0 (13 bytes)
1702513501.750168 sending message 112 to peer 0x56130be4c7e0 (9 bytes)
1702513501.750180 sending message 112 to peer 0x56130be4c7e0 (21 bytes)
1702513501.750194 sending message 112 to peer 0x56130be4c7e0 (13 bytes)
1702513501.750206 sending message 112 to peer 0x56130be4c7e0 (8 bytes)
1702513501.750219 sending message 112 to peer 0x56130be4c7e0 (12 bytes)
1702513501.750231 sending message 112 to peer 0x56130be4c7e0 (13 bytes)
1702513501.750244 sending message 112 to peer 0x56130be4c7e0 (9 bytes)
1702513501.750257 sending message 112 to peer 0x56130be4c7e0 (9 bytes)
1702513501.750269 sending message 112 to peer 0x56130be4c7e0 (12 bytes)
1702513501.750282 sending message 112 to peer 0x56130be4c7e0 (8 bytes)
1702513501.750294 sending message 112 to peer 0x56130be4c7e0 (8 bytes)
1702513501.750307 sending message 112 to peer 0x56130be4c7e0 (7 bytes)
1702513501.750319 sending message 112 to peer 0x56130be4c7e0 (7 bytes)
1702513501.750332 sending message 112 to peer 0x56130be4c7e0 (9 bytes)
1702513501.750365 sending message 112 to peer 0x56130be4c7e0 (13 bytes)
1702513501.750379 sending message 112 to peer 0x56130be4c7e0 (6 bytes)
1702513501.750392 sending message 112 to peer 0x56130be4c7e0 (9 bytes)
1702513501.750404 sending message 112 to peer 0x56130be4c7e0 (15 bytes)
1702513501.750417 sending message 112 to peer 0x56130be4c7e0 (13 bytes)
1702513501.750430 sending message 112 to peer 0x56130be4c7e0 (12 bytes)
1702513501.750442 sending message 112 to peer 0x56130be4c7e0 (8 bytes)
1702513501.750455 sending message 112 to peer 0x56130be4c7e0 (14 bytes)
1702513501.750468 sending message 112 to peer 0x56130be4c7e0 (11 bytes)
1702513501.750481 sending message 112 to peer 0x56130be4c7e0 (9 bytes)
1702513501.750493 sending message 112 to peer 0x56130be4c7e0 (10 bytes)
1702513501.750506 sending message 112 to peer 0x56130be4c7e0 (10 bytes)
1702513501.750518 sending message 112 to peer 0x56130be4c7e0 (10 bytes)
1702513501.750559 sending message 112 to peer 0x56130be4c7e0 (10 bytes)
1702513501.750572 sending message 112 to peer 0x56130be4c7e0 (11 bytes)
1702513501.750585 sending message 112 to peer 0x56130be4c7e0 (12 bytes)
1702513501.750598 sending message 112 to peer 0x56130be4c7e0 (12 bytes)
1702513501.750611 sending message 112 to peer 0x56130be4c7e0 (12 bytes)
1702513501.750623 sending message 112 to peer 0x56130be4c7e0 (12 bytes)
1702513501.750636 sending message 112 to peer 0x56130be4c7e0 (12 bytes)
1702513501.750648 sending message 112 to peer 0x56130be4c7e0 (11 bytes)
1702513501.750661 sending message 112 to peer 0x56130be4c7e0 (11 bytes)
1702513501.750673 sending message 112 to peer 0x56130be4c7e0 (12 bytes)
1702513501.750686 sending message 112 to peer 0x56130be4c7e0 (12 bytes)
1702513501.750698 sending message 112 to peer 0x56130be4c7e0 (12 bytes)
1702513501.750711 sending message 112 to peer 0x56130be4c7e0 (12 bytes)
1702513501.750724 sending message 112 to peer 0x56130be4c7e0 (12 bytes)
1702513501.750737 sending message 112 to peer 0x56130be4c7e0 (10 bytes)
1702513501.750750 sending message 112 to peer 0x56130be4c7e0 (12 bytes)
1702513501.750763 sending message 112 to peer 0x56130be4c7e0 (13 bytes)
1702513501.750775 sending message 112 to peer 0x56130be4c7e0 (13 bytes)
1702513501.750788 sending message 112 to peer 0x56130be4c7e0 (13 bytes)
1702513501.750800 sending message 112 to peer 0x56130be4c7e0 (13 bytes)
1702513501.750813 sending message 112 to peer 0x56130be4c7e0 (13 bytes)
1702513501.750825 sending message 112 to peer 0x56130be4c7e0 (8 bytes)
1702513501.750838 sending message 112 to peer 0x56130be4c7e0 (11 bytes)
1702513501.750903 sending message 112 to peer 0x56130be4c7e0 (11 bytes)
1702513501.750918 sending message 112 to peer 0x56130be4c7e0 (11 bytes)
1702513501.750930 sending message 112 to peer 0x56130be4c7e0 (12 bytes)
1702513501.750943 sending message 112 to peer 0x56130be4c7e0 (12 bytes)
1702513501.750956 sending message 112 to peer 0x56130be4c7e0 (12 bytes)
1702513501.750969 sending message 112 to peer 0x56130be4c7e0 (12 bytes)
1702513501.750982 sending message 112 to peer 0x56130be4c7e0 (13 bytes)
1702513501.750994 sending message 112 to peer 0x56130be4c7e0 (13 bytes)
1702513501.751007 sending message 112 to peer 0x56130be4c7e0 (13 bytes)
1702513501.751020 sending message 112 to peer 0x56130be4c7e0 (8 bytes)
1702513501.751032 sending message 112 to peer 0x56130be4c7e0 (13 bytes)
1702513501.751045 sending message 112 to peer 0x56130be4c7e0 (13 bytes)
1702513501.751057 sending message 112 to peer 0x56130be4c7e0 (13 bytes)
1702513501.751070 sending message 112 to peer 0x56130be4c7e0 (13 bytes)
1702513501.751083 sending message 112 to peer 0x56130be4c7e0 (13 bytes)
1702513501.751095 sending message 112 to peer 0x56130be4c7e0 (12 bytes)
1702513501.751108 sending message 112 to peer 0x56130be4c7e0 (12 bytes)
1702513501.751121 sending message 112 to peer 0x56130be4c7e0 (12 bytes)
1702513501.751133 sending message 112 to peer 0x56130be4c7e0 (12 bytes)
1702513501.751146 sending message 112 to peer 0x56130be4c7e0 (13 bytes)
1702513501.751159 sending message 112 to peer 0x56130be4c7e0 (8 bytes)
1702513501.751171 sending message 112 to peer 0x56130be4c7e0 (13 bytes)
1702513501.751184 sending message 112 to peer 0x56130be4c7e0 (13 bytes)
1702513501.751197 sending message 112 to peer 0x56130be4c7e0 (13 bytes)
1702513501.751209 sending message 112 to peer 0x56130be4c7e0 (13 bytes)
1702513501.751222 sending message 112 to peer 0x56130be4c7e0 (13 bytes)
1702513501.751234 sending message 112 to peer 0x56130be4c7e0 (13 bytes)
1702513501.751247 sending message 112 to peer 0x56130be4c7e0 (13 bytes)
1702513501.751259 sending message 112 to peer 0x56130be4c7e0 (12 bytes)
1702513501.751272 sending message 112 to peer 0x56130be4c7e0 (12 bytes)
1702513501.751284 sending message 112 to peer 0x56130be4c7e0 (12 bytes)
1702513501.751297 sending message 112 to peer 0x56130be4c7e0 (8 bytes)
1702513501.751310 sending message 112 to peer 0x56130be4c7e0 (12 bytes)
1702513501.751322 sending message 112 to peer 0x56130be4c7e0 (13 bytes)
1702513501.751352 sending message 112 to peer 0x56130be4c7e0 (13 bytes)
1702513501.751365 sending message 112 to peer 0x56130be4c7e0 (13 bytes)
1702513501.751378 sending message 112 to peer 0x56130be4c7e0 (13 bytes)
1702513501.751391 sending message 112 to peer 0x56130be4c7e0 (13 bytes)
1702513501.751404 sending message 112 to peer 0x56130be4c7e0 (13 bytes)
1702513501.751417 sending message 112 to peer 0x56130be4c7e0 (13 bytes)
1702513501.751429 sending message 112 to peer 0x56130be4c7e0 (13 bytes)
1702513501.751442 sending message 112 to peer 0x56130be4c7e0 (12 bytes)
1702513501.751454 sending message 112 to peer 0x56130be4c7e0 (10 bytes)
1702513501.751467 sending message 112 to peer 0x56130be4c7e0 (12 bytes)
1702513501.751480 sending message 112 to peer 0x56130be4c7e0 (12 bytes)
1702513501.751492 sending message 112 to peer 0x56130be4c7e0 (12 bytes)
1702513501.751505 sending message 112 to peer 0x56130be4c7e0 (13 bytes)
1702513501.751518 sending message 112 to peer 0x56130be4c7e0 (13 bytes)
1702513501.751530 sending message 112 to peer 0x56130be4c7e0 (13 bytes)
1702513501.751544 sending message 112 to peer 0x56130be4c7e0 (13 bytes)
1702513501.751557 sending message 112 to peer 0x56130be4c7e0 (13 bytes)
1702513501.751570 sending message 112 to peer 0x56130be4c7e0 (13 bytes)
1702513501.751583 sending message 112 to peer 0x56130be4c7e0 (13 bytes)
1702513501.751595 sending message 112 to peer 0x56130be4c7e0 (10 bytes)
1702513501.751608 sending message 112 to peer 0x56130be4c7e0 (13 bytes)
1702513501.751620 sending message 112 to peer 0x56130be4c7e0 (12 bytes)
1702513501.751633 sending message 112 to peer 0x56130be4c7e0 (12 bytes)
1702513501.751646 sending message 112 to peer 0x56130be4c7e0 (12 bytes)
1702513501.751658 sending message 112 to peer 0x56130be4c7e0 (10 bytes)
1702513501.751671 sending message 112 to peer 0x56130be4c7e0 (10 bytes)
1702513501.751683 sending message 112 to peer 0x56130be4c7e0 (10 bytes)
1702513501.751696 sending message 112 to peer 0x56130be4c7e0 (12 bytes)
1702513501.751709 sending message 112 to peer 0x56130be4c7e0 (13 bytes)
1702513501.751721 sending message 112 to peer 0x56130be4c7e0 (13 bytes)
1702513501.751734 sending message 112 to peer 0x56130be4c7e0 (13 bytes)
1702513501.751747 sending message 112 to peer 0x56130be4c7e0 (13 bytes)
1702513501.751759 sending message 112 to peer 0x56130be4c7e0 (13 bytes)
1702513501.751772 sending message 112 to peer 0x56130be4c7e0 (11 bytes)
1702513501.751785 sending message 112 to peer 0x56130be4c7e0 (11 bytes)
1702513501.751797 sending message 112 to peer 0x56130be4c7e0 (12 bytes)
1702513501.751810 sending message 112 to peer 0x56130be4c7e0 (12 bytes)
1702513501.751823 sending message 112 to peer 0x56130be4c7e0 (12 bytes)
1702513501.751835 sending message 112 to peer 0x56130be4c7e0 (12 bytes)
1702513501.751848 sending message 112 to peer 0x56130be4c7e0 (12 bytes)
1702513501.751860 sending message 112 to peer 0x56130be4c7e0 (11 bytes)
1702513501.751873 sending message 112 to peer 0x56130be4c7e0 (12 bytes)
1702513501.751885 sending message 112 to peer 0x56130be4c7e0 (12 bytes)
1702513501.751898 sending message 112 to peer 0x56130be4c7e0 (13 bytes)
1702513501.751910 sending message 112 to peer 0x56130be4c7e0 (13 bytes)
1702513501.751923 sending message 112 to peer 0x56130be4c7e0 (13 bytes)
1702513501.751936 sending message 112 to peer 0x56130be4c7e0 (13 bytes)
1702513501.751948 sending message 112 to peer 0x56130be4c7e0 (13 bytes)
1702513501.751961 sending message 112 to peer 0x56130be4c7e0 (10 bytes)
1702513501.751973 sending message 112 to peer 0x56130be4c7e0 (9 bytes)
1702513501.751986 sending message 112 to peer 0x56130be4c7e0 (12 bytes)
1702513501.751999 sending message 112 to peer 0x56130be4c7e0 (13 bytes)
1702513501.752011 sending message 112 to peer 0x56130be4c7e0 (13 bytes)
1702513501.752024 sending message 112 to peer 0x56130be4c7e0 (13 bytes)
1702513501.752036 sending message 112 to peer 0x56130be4c7e0 (13 bytes)
1702513501.752049 sending message 112 to peer 0x56130be4c7e0 (13 bytes)
1702513501.752062 sending message 112 to peer 0x56130be4c7e0 (9 bytes)
1702513501.752084 sending message 112 to peer 0x56130be4c7e0 (12 bytes)
1702513501.752097 sending message 112 to peer 0x56130be4c7e0 (13 bytes)
1702513501.752109 sending message 112 to peer 0x56130be4c7e0 (13 bytes)
1702513501.752122 sending message 112 to peer 0x56130be4c7e0 (13 bytes)
1702513501.752135 sending message 112 to peer 0x56130be4c7e0 (13 bytes)
1702513501.752148 sending message 112 to peer 0x56130be4c7e0 (13 bytes)
1702513501.752160 sending message 112 to peer 0x56130be4c7e0 (11 bytes)
1702513501.752173 sending message 112 to peer 0x56130be4c7e0 (12 bytes)
1702513501.752186 sending message 112 to peer 0x56130be4c7e0 (13 bytes)
1702513501.752198 sending message 112 to peer 0x56130be4c7e0 (13 bytes)
1702513501.752211 sending message 112 to peer 0x56130be4c7e0 (13 bytes)
1702513501.752224 sending message 112 to peer 0x56130be4c7e0 (13 bytes)
1702513501.752237 sending message 112 to peer 0x56130be4c7e0 (13 bytes)
1702513501.752249 sending message 112 to peer 0x56130be4c7e0 (11 bytes)
1702513501.752262 sending message 112 to peer 0x56130be4c7e0 (12 bytes)
1702513501.752275 sending message 112 to peer 0x56130be4c7e0 (12 bytes)
1702513501.752289 sending message 112 to peer 0x56130be4c7e0 (12 bytes)
1702513501.752302 sending message 112 to peer 0x56130be4c7e0 (12 bytes)
1702513501.752328 sending message 112 to peer 0x56130be4c7e0 (12 bytes)
1702513501.752341 sending message 112 to peer 0x56130be4c7e0 (21 bytes)
1702513501.752354 sending message 112 to peer 0x56130be4c7e0 (12 bytes)
1702513501.752366 sending message 112 to peer 0x56130be4c7e0 (9 bytes)
1702513501.752379 sending message 112 to peer 0x56130be4c7e0 (6 bytes)
1702513501.752391 sending message 112 to peer 0x56130be4c7e0 (13 bytes)
1702513501.752403 sending message 112 to peer 0x56130be4c7e0 (8 bytes)
1702513501.752416 sending message 112 to peer 0x56130be4c7e0 (15 bytes)
1702513501.752428 sending message 112 to peer 0x56130be4c7e0 (13 bytes)
1702513501.752440 sending message 112 to peer 0x56130be4c7e0 (9 bytes)
1702513501.752453 sending message 112 to peer 0x56130be4c7e0 (70 bytes)
1702513501.752465 sending message 112 to peer 0x56130be4c7e0 (69 bytes)
1702513501.752478 sending message 112 to peer 0x56130be4c7e0 (10 bytes)
1702513501.752490 sending message 112 to peer 0x56130be4c7e0 (10 bytes)
1702513501.752502 sending message 112 to peer 0x56130be4c7e0 (8 bytes)
1702513501.752515 sending message 112 to peer 0x56130be4c7e0 (15 bytes)
1702513501.752535 sending message 112 to peer 0x56130be4c7e0 (13 bytes)
1702513501.752549 sending message 112 to peer 0x56130be4c7e0 (10 bytes)
1702513501.752561 sending message 112 to peer 0x56130be4c7e0 (10 bytes)
1702513501.752573 sending message 112 to peer 0x56130be4c7e0 (17 bytes)
1702513501.752585 sending message 112 to peer 0x56130be4c7e0 (10 bytes)
1702513501.752597 sending message 112 to peer 0x56130be4c7e0 (13 bytes)
1702513501.752610 sending message 112 to peer 0x56130be4c7e0 (9 bytes)
1702513501.752622 sending message 112 to peer 0x56130be4c7e0 (5 bytes)
1702513501.752635 sending message 112 to peer 0x56130be4c7e0 (15 bytes)
1702513501.752651 sending message 104 to peer 0x56130be4c7e0 (0 bytes)
1702513501.752667 sending message 110 to peer 0x56130be4c7e0 (0 bytes)
1702513501.752683 sending message 107 to peer 0x56130be4c7e0 (4 bytes)
1702513501.752695 sending message 105 to peer 0x56130be4c7e0 (32 bytes)
1702513501.752708 sending message 105 to peer 0x56130be4c7e0 (20 bytes)
1702513501.752721 sending message 105 to peer 0x56130be4c7e0 (54 bytes)
1702513501.752733 sending message 105 to peer 0x56130be4c7e0 (33 bytes)
1702513501.752754 sending message 105 to peer 0x56130be4c7e0 (13 bytes)
1702513501.752767 sending message 105 to peer 0x56130be4c7e0 (28 bytes)
1702513501.752779 sending message 105 to peer 0x56130be4c7e0 (20 bytes)
1702513501.752792 sending message 105 to peer 0x56130be4c7e0 (10 bytes)
1702513501.752804 sending message 105 to peer 0x56130be4c7e0 (28 bytes)
1702513501.752816 sending message 105 to peer 0x56130be4c7e0 (20 bytes)
1702513501.752829 sending message 105 to peer 0x56130be4c7e0 (38 bytes)
1702513501.752853 sending message 105 to peer 0x56130be4c7e0 (15 bytes)
1702513501.752866 sending message 105 to peer 0x56130be4c7e0 (60 bytes)
1702513501.752878 sending message 105 to peer 0x56130be4c7e0 (18 bytes)
1702513501.752890 sending message 105 to peer 0x56130be4c7e0 (17 bytes)
1702513501.752903 sending message 105 to peer 0x56130be4c7e0 (30 bytes)
1702513501.752915 sending message 105 to peer 0x56130be4c7e0 (8 bytes)
1702513501.752928 sending message 105 to peer 0x56130be4c7e0 (17 bytes)
1702513501.752940 sending message 105 to peer 0x56130be4c7e0 (32 bytes)
1702513501.752953 sending message 105 to peer 0x56130be4c7e0 (1764 bytes)
1702513501.753030 sending message 105 to peer 0x56130be4c7e0 (54 bytes)
1702513501.753046 sending message 105 to peer 0x56130be4c7e0 (16 bytes)
1702513501.753058 sending message 105 to peer 0x56130be4c7e0 (28 bytes)
1702513501.753071 sending message 105 to peer 0x56130be4c7e0 (63 bytes)
1702513501.753084 sending message 105 to peer 0x56130be4c7e0 (22 bytes)
1702513501.753096 sending message 105 to peer 0x56130be4c7e0 (11 bytes)
1702513501.753109 sending message 105 to peer 0x56130be4c7e0 (31 bytes)
1702513501.753122 sending message 105 to peer 0x56130be4c7e0 (182 bytes)
1702513501.753135 sending message 105 to peer 0x56130be4c7e0 (32 bytes)
1702513501.753148 sending message 105 to peer 0x56130be4c7e0 (19 bytes)
1702513501.753161 sending message 105 to peer 0x56130be4c7e0 (82 bytes)
1702513501.753174 sending message 105 to peer 0x56130be4c7e0 (19 bytes)
1702513501.753187 sending message 105 to peer 0x56130be4c7e0 (8 bytes)
1702513501.753199 sending message 105 to peer 0x56130be4c7e0 (19 bytes)
1702513501.753212 sending message 105 to peer 0x56130be4c7e0 (47 bytes)
1702513501.753225 sending message 105 to peer 0x56130be4c7e0 (19 bytes)
1702513501.753237 sending message 105 to peer 0x56130be4c7e0 (33 bytes)
1702513501.753250 sending message 105 to peer 0x56130be4c7e0 (18 bytes)
1702513501.753263 sending message 105 to peer 0x56130be4c7e0 (26 bytes)
1702513501.753276 sending message 105 to peer 0x56130be4c7e0 (35 bytes)
1702513501.753288 sending message 105 to peer 0x56130be4c7e0 (13 bytes)
1702513501.753301 sending message 105 to peer 0x56130be4c7e0 (14 bytes)
1702513501.753313 sending message 105 to peer 0x56130be4c7e0 (18 bytes)
1702513501.753326 sending message 105 to peer 0x56130be4c7e0 (38 bytes)
1702513501.753339 sending message 105 to peer 0x56130be4c7e0 (25 bytes)
1702513501.753352 sending message 105 to peer 0x56130be4c7e0 (25 bytes)
1702513501.753364 sending message 105 to peer 0x56130be4c7e0 (72 bytes)
1702513501.753377 sending message 105 to peer 0x56130be4c7e0 (52 bytes)
1702513501.753390 sending message 105 to peer 0x56130be4c7e0 (22 bytes)
1702513501.753403 sending message 105 to peer 0x56130be4c7e0 (31 bytes)
1702513501.753416 sending message 105 to peer 0x56130be4c7e0 (15 bytes)
1702513501.753429 sending message 105 to peer 0x56130be4c7e0 (52 bytes)
1702513501.753442 sending message 105 to peer 0x56130be4c7e0 (23 bytes)
1702513501.753454 sending message 105 to peer 0x56130be4c7e0 (37 bytes)
1702513501.753467 sending message 105 to peer 0x56130be4c7e0 (17 bytes)
1702513501.753480 sending message 105 to peer 0x56130be4c7e0 (58 bytes)
1702513501.753492 sending message 105 to peer 0x56130be4c7e0 (21 bytes)
1702513501.753505 sending message 105 to peer 0x56130be4c7e0 (11 bytes)
1702513501.753517 sending message 105 to peer 0x56130be4c7e0 (30 bytes)
1702513501.753530 sending message 105 to peer 0x56130be4c7e0 (16 bytes)
1702513501.753543 sending message 106 to peer 0x56130be4c7e0 (0 bytes)
1702513501.753723 sending message 200 to peer 0x56130be4c7e0 (4 bytes)
1702513501.753740 client loop enter
1702513501.755234 peer 0x56130be4c7e0 message 303
1702513501.755287 open write file 2 -
1702513501.755322 sending message 305 to peer 0x56130be4c7e0 (8 bytes)
1702513501.755378 write check file 2
1702513501.755851 peer 0x56130be4c7e0 message 304
1702513501.755885 write 58 to file 2
1702513501.755905 peer 0x56130be4c7e0 message 203
1702513501.755943 file 2 58 bytes left
1702513501.755994 write check file 2
1702513501.756007 client loop exit
